<?xml version="1.0" encoding="UTF-8"?>
<!-- Generated by org.testng.reporters.JUnitReportReporter -->
<testsuite hostname="APH10196" failures="0" tests="1" name="com.petwebsite.com.petwebsite.Petstore" time="19.167" errors="0" timestamp="2022-11-23T21:06:12 IST" skipped="0">
  <testcase classname="com.petwebsite.com.petwebsite.Petstore" name="login" time="19.167"/>
  <system-out/>
</testsuite> <!-- com.petwebsite.com.petwebsite.Petstore -->
